<?xml version="1.0" encoding="UTF-8"?>
<testsuite xmlns:xsi="http://www.w3.org/2001/XMLSchema-instance" xsi:noNamespaceSchemaLocation="https://maven.apache.org/surefire/maven-surefire-plugin/xsd/surefire-test-report-3.0.xsd" version="3.0" name="com.redhat.shopping.unit.catalog.CatalogServiceTest" time="0.026" tests="4" errors="0" skipped="0" failures="0">
  <properties>
    <property name="java.specification.version" value="17"/>
    <property name="sun.jnu.encoding" value="UTF-8"/>
    <property name="java.class.path" value="/var/www/DO400-pipelines-lab/target/test-classes:/var/www/DO400-pipelines-lab/target/classes:/root/.m2/repository/io/quarkus/quarkus-resteasy/1.12.1.Final/quarkus-resteasy-1.12.1.Final.jar:/root/.m2/repository/io/quarkus/quarkus-vertx-http/1.12.1.Final/quarkus-vertx-http-1.12.1.Final.jar:/root/.m2/repository/io/quarkus/quarkus-security-runtime-spi/1.12.1.Final/quarkus-security-runtime-spi-1.12.1.Final.jar:/root/.m2/repository/io/quarkus/quarkus-vertx-http-dev-console-runtime-spi/1.12.1.Final/quarkus-vertx-http-dev-console-runtime-spi-1.12.1.Final.jar:/root/.m2/repository/io/quarkus/security/quarkus-security/1.1.3.Final/quarkus-security-1.1.3.Final.jar:/root/.m2/repository/io/quarkus/quarkus-vertx-core/1.12.1.Final/quarkus-vertx-core-1.12.1.Final.jar:/root/.m2/repository/io/quarkus/quarkus-netty/1.12.1.Final/quarkus-netty-1.12.1.Final.jar:/root/.m2/repository/io/netty/netty-codec/4.1.49.Final/netty-codec-4.1.49.Final.jar:/root/.m2/repository/io/netty/netty-handler/4.1.49.Final/netty-handler-4.1.49.Final.jar:/root/.m2/repository/io/vertx/vertx-core/3.9.5/vertx-core-3.9.5.jar:/root/.m2/repository/io/netty/netty-common/4.1.49.Final/netty-common-4.1.49.Final.jar:/root/.m2/repository/io/netty/netty-buffer/4.1.49.Final/netty-buffer-4.1.49.Final.jar:/root/.m2/repository/io/netty/netty-transport/4.1.49.Final/netty-transport-4.1.49.Final.jar:/root/.m2/repository/io/netty/netty-handler-proxy/4.1.49.Final/netty-handler-proxy-4.1.49.Final.jar:/root/.m2/repository/io/netty/netty-codec-socks/4.1.49.Final/netty-codec-socks-4.1.49.Final.jar:/root/.m2/repository/io/netty/netty-codec-http/4.1.49.Final/netty-codec-http-4.1.49.Final.jar:/root/.m2/repository/io/netty/netty-codec-http2/4.1.49.Final/netty-codec-http2-4.1.49.Final.jar:/root/.m2/repository/io/netty/netty-resolver/4.1.49.Final/netty-resolver-4.1.49.Final.jar:/root/.m2/repository/io/netty/netty-resolver-dns/4.1.49.Final/netty-resolver-dns-4.1.49.Final.jar:/root/.m2/repository/io/netty/netty-codec-dns/4.1.49.Final/netty-codec-dns-4.1.49.Final.jar:/root/.m2/repository/io/vertx/vertx-web/3.9.5/vertx-web-3.9.5.jar:/root/.m2/repository/io/vertx/vertx-web-common/3.9.5/vertx-web-common-3.9.5.jar:/root/.m2/repository/io/vertx/vertx-auth-common/3.9.5/vertx-auth-common-3.9.5.jar:/root/.m2/repository/io/vertx/vertx-bridge-common/3.9.5/vertx-bridge-common-3.9.5.jar:/root/.m2/repository/io/quarkus/quarkus-resteasy-server-common/1.12.1.Final/quarkus-resteasy-server-common-1.12.1.Final.jar:/root/.m2/repository/io/quarkus/quarkus-resteasy-common/1.12.1.Final/quarkus-resteasy-common-1.12.1.Final.jar:/root/.m2/repository/org/jboss/resteasy/resteasy-core/4.5.9.Final/resteasy-core-4.5.9.Final.jar:/root/.m2/repository/org/jboss/spec/javax/ws/rs/jboss-jaxrs-api_2.1_spec/2.0.1.Final/jboss-jaxrs-api_2.1_spec-2.0.1.Final.jar:/root/.m2/repository/org/jboss/spec/javax/xml/bind/jboss-jaxb-api_2.3_spec/2.0.0.Final/jboss-jaxb-api_2.3_spec-2.0.0.Final.jar:/root/.m2/repository/org/jboss/resteasy/resteasy-core-spi/4.5.9.Final/resteasy-core-spi-4.5.9.Final.jar:/root/.m2/repository/com/ibm/async/asyncutil/0.1.0/asyncutil-0.1.0.jar:/root/.m2/repository/com/sun/activation/jakarta.activation/1.2.1/jakarta.activation-1.2.1.jar:/root/.m2/repository/jakarta/validation/jakarta.validation-api/2.0.2/jakarta.validation-api-2.0.2.jar:/root/.m2/repository/io/quarkus/quarkus-junit5/1.12.1.Final/quarkus-junit5-1.12.1.Final.jar:/root/.m2/repository/io/quarkus/quarkus-bootstrap-core/1.12.1.Final/quarkus-bootstrap-core-1.12.1.Final.jar:/root/.m2/repository/io/quarkus/quarkus-bootstrap-app-model/1.12.1.Final/quarkus-bootstrap-app-model-1.12.1.Final.jar:/root/.m2/repository/io/quarkus/quarkus-bootstrap-maven-resolver/1.12.1.Final/quarkus-bootstrap-maven-resolver-1.12.1.Final.jar:/root/.m2/repository/org/apache/maven/maven-embedder/3.6.3/maven-embedder-3.6.3.jar:/root/.m2/repository/org/apache/maven/maven-settings/3.6.3/maven-settings-3.6.3.jar:/root/.m2/repository/org/apache/maven/maven-core/3.6.3/maven-core-3.6.3.jar:/root/.m2/repository/org/apache/maven/maven-artifact/3.6.3/maven-artifact-3.6.3.jar:/root/.m2/repository/org/codehaus/plexus/plexus-component-annotations/2.1.0/plexus-component-annotations-2.1.0.jar:/root/.m2/repository/org/apache/maven/maven-plugin-api/3.6.3/maven-plugin-api-3.6.3.jar:/root/.m2/repository/org/apache/maven/maven-model/3.6.3/maven-model-3.6.3.jar:/root/.m2/repository/org/apache/maven/maven-model-builder/3.6.3/maven-model-builder-3.6.3.jar:/root/.m2/repository/org/apache/maven/maven-builder-support/3.6.3/maven-builder-support-3.6.3.jar:/root/.m2/repository/org/apache/maven/resolver/maven-resolver-api/1.4.1/maven-resolver-api-1.4.1.jar:/root/.m2/repository/org/apache/maven/resolver/maven-resolver-util/1.4.1/maven-resolver-util-1.4.1.jar:/root/.m2/repository/org/apache/maven/shared/maven-shared-utils/3.2.1/maven-shared-utils-3.2.1.jar:/root/.m2/repository/com/google/inject/guice/4.2.1/guice-4.2.1-no_aop.jar:/root/.m2/repository/com/google/guava/guava/30.1-jre/guava-30.1-jre.jar:/root/.m2/repository/com/google/guava/failureaccess/1.0.1/failureaccess-1.0.1.jar:/root/.m2/repository/com/google/guava/listenablefuture/9999.0-empty-to-avoid-conflict-with-guava/listenablefuture-9999.0-empty-to-avoid-conflict-with-guava.jar:/root/.m2/repository/org/codehaus/plexus/plexus-utils/3.2.1/plexus-utils-3.2.1.jar:/root/.m2/repository/org/codehaus/plexus/plexus-classworlds/2.6.0/plexus-classworlds-2.6.0.jar:/root/.m2/repository/commons-cli/commons-cli/1.4/commons-cli-1.4.jar:/root/.m2/repository/org/eclipse/sisu/org.eclipse.sisu.plexus/0.3.4/org.eclipse.sisu.plexus-0.3.4.jar:/root/.m2/repository/org/apache/maven/maven-settings-builder/3.6.3/maven-settings-builder-3.6.3.jar:/root/.m2/repository/org/codehaus/plexus/plexus-interpolation/1.25/plexus-interpolation-1.25.jar:/root/.m2/repository/org/sonatype/plexus/plexus-sec-dispatcher/1.4/plexus-sec-dispatcher-1.4.jar:/root/.m2/repository/org/sonatype/plexus/plexus-cipher/1.4/plexus-cipher-1.4.jar:/root/.m2/repository/org/apache/maven/maven-resolver-provider/3.6.3/maven-resolver-provider-3.6.3.jar:/root/.m2/repository/org/apache/maven/maven-repository-metadata/3.6.3/maven-repository-metadata-3.6.3.jar:/root/.m2/repository/org/apache/maven/resolver/maven-resolver-spi/1.4.1/maven-resolver-spi-1.4.1.jar:/root/.m2/repository/org/apache/maven/resolver/maven-resolver-impl/1.4.1/maven-resolver-impl-1.4.1.jar:/root/.m2/repository/org/apache/maven/resolver/maven-resolver-connector-basic/1.4.1/maven-resolver-connector-basic-1.4.1.jar:/root/.m2/repository/org/apache/maven/resolver/maven-resolver-transport-wagon/1.4.1/maven-resolver-transport-wagon-1.4.1.jar:/root/.m2/repository/org/apache/maven/wagon/wagon-http/3.3.4/wagon-http-3.3.4.jar:/root/.m2/repository/org/apache/maven/wagon/wagon-http-shared/3.3.4/wagon-http-shared-3.3.4.jar:/root/.m2/repository/org/jsoup/jsoup/1.12.1/jsoup-1.12.1.jar:/root/.m2/repository/org/apache/maven/wagon/wagon-provider-api/3.3.4/wagon-provider-api-3.3.4.jar:/root/.m2/repository/org/apache/maven/wagon/wagon-file/3.3.4/wagon-file-3.3.4.jar:/root/.m2/repository/io/quarkus/quarkus-bootstrap-gradle-resolver/1.12.1.Final/quarkus-bootstrap-gradle-resolver-1.12.1.Final.jar:/root/.m2/repository/io/smallrye/common/smallrye-common-io/1.5.0/smallrye-common-io-1.5.0.jar:/root/.m2/repository/org/eclipse/sisu/org.eclipse.sisu.inject/0.3.4/org.eclipse.sisu.inject-0.3.4.jar:/root/.m2/repository/io/quarkus/quarkus-test-common/1.12.1.Final/quarkus-test-common-1.12.1.Final.jar:/root/.m2/repository/io/quarkus/quarkus-core-deployment/1.12.1.Final/quarkus-core-deployment-1.12.1.Final.jar:/root/.m2/repository/io/quarkus/gizmo/gizmo/1.0.6.Final/gizmo-1.0.6.Final.jar:/root/.m2/repository/org/ow2/asm/asm-util/9.0/asm-util-9.0.jar:/root/.m2/repository/org/ow2/asm/asm-tree/9.0/asm-tree-9.0.jar:/root/.m2/repository/org/ow2/asm/asm-analysis/9.0/asm-analysis-9.0.jar:/root/.m2/repository/org/ow2/asm/asm/9.0/asm-9.0.jar:/root/.m2/repository/io/quarkus/quarkus-class-change-agent/1.12.1.Final/quarkus-class-change-agent-1.12.1.Final.jar:/root/.m2/repository/io/quarkus/quarkus-devtools-utilities/1.12.1.Final/quarkus-devtools-utilities-1.12.1.Final.jar:/root/.m2/repository/io/quarkus/quarkus-builder/1.12.1.Final/quarkus-builder-1.12.1.Final.jar:/root/.m2/repository/io/quarkus/quarkus-jsonp-deployment/1.12.1.Final/quarkus-jsonp-deployment-1.12.1.Final.jar:/root/.m2/repository/org/jboss/jandex/2.2.3.Final/jandex-2.2.3.Final.jar:/root/.m2/repository/org/jboss/logging/commons-logging-jboss-logging/1.0.0.Final/commons-logging-jboss-logging-1.0.0.Final.jar:/root/.m2/repository/org/junit/jupiter/junit-jupiter/5.7.1/junit-jupiter-5.7.1.jar:/root/.m2/repository/org/junit/jupiter/junit-jupiter-api/5.7.1/junit-jupiter-api-5.7.1.jar:/root/.m2/repository/org/apiguardian/apiguardian-api/1.1.0/apiguardian-api-1.1.0.jar:/root/.m2/repository/org/opentest4j/opentest4j/1.2.0/opentest4j-1.2.0.jar:/root/.m2/repository/org/junit/platform/junit-platform-commons/1.7.1/junit-platform-commons-1.7.1.jar:/root/.m2/repository/org/junit/jupiter/junit-jupiter-params/5.7.1/junit-jupiter-params-5.7.1.jar:/root/.m2/repository/org/junit/jupiter/junit-jupiter-engine/5.7.1/junit-jupiter-engine-5.7.1.jar:/root/.m2/repository/org/junit/platform/junit-platform-engine/1.7.1/junit-platform-engine-1.7.1.jar:/root/.m2/repository/io/quarkus/quarkus-core/1.12.1.Final/quarkus-core-1.12.1.Final.jar:/root/.m2/repository/jakarta/annotation/jakarta.annotation-api/1.3.5/jakarta.annotation-api-1.3.5.jar:/root/.m2/repository/jakarta/enterprise/jakarta.enterprise.cdi-api/2.0.2/jakarta.enterprise.cdi-api-2.0.2.jar:/root/.m2/repository/jakarta/el/jakarta.el-api/3.0.3/jakarta.el-api-3.0.3.jar:/root/.m2/repository/jakarta/interceptor/jakarta.interceptor-api/1.2.5/jakarta.interceptor-api-1.2.5.jar:/root/.m2/repository/jakarta/inject/jakarta.inject-api/1.0/jakarta.inject-api-1.0.jar:/root/.m2/repository/io/quarkus/quarkus-ide-launcher/1.12.1.Final/quarkus-ide-launcher-1.12.1.Final.jar:/root/.m2/repository/io/quarkus/quarkus-development-mode-spi/1.12.1.Final/quarkus-development-mode-spi-1.12.1.Final.jar:/root/.m2/repository/io/smallrye/config/smallrye-config/1.10.2/smallrye-config-1.10.2.jar:/root/.m2/repository/io/smallrye/common/smallrye-common-annotation/1.5.0/smallrye-common-annotation-1.5.0.jar:/root/.m2/repository/io/smallrye/config/smallrye-config-common/1.10.2/smallrye-config-common-1.10.2.jar:/root/.m2/repository/io/smallrye/common/smallrye-common-expression/1.5.0/smallrye-common-expression-1.5.0.jar:/root/.m2/repository/io/smallrye/common/smallrye-common-function/1.5.0/smallrye-common-function-1.5.0.jar:/root/.m2/repository/io/smallrye/common/smallrye-common-constraint/1.5.0/smallrye-common-constraint-1.5.0.jar:/root/.m2/repository/io/smallrye/common/smallrye-common-classloader/1.5.0/smallrye-common-classloader-1.5.0.jar:/root/.m2/repository/org/jboss/logging/jboss-logging/3.4.1.Final/jboss-logging-3.4.1.Final.jar:/root/.m2/repository/org/jboss/logmanager/jboss-logmanager-embedded/1.0.6/jboss-logmanager-embedded-1.0.6.jar:/root/.m2/repository/org/jboss/logging/jboss-logging-annotations/2.2.0.Final/jboss-logging-annotations-2.2.0.Final.jar:/root/.m2/repository/org/jboss/threads/jboss-threads/3.2.0.Final/jboss-threads-3.2.0.Final.jar:/root/.m2/repository/org/slf4j/slf4j-api/1.7.30/slf4j-api-1.7.30.jar:/root/.m2/repository/org/jboss/slf4j/slf4j-jboss-logmanager/1.1.0.Final/slf4j-jboss-logmanager-1.1.0.Final.jar:/root/.m2/repository/org/graalvm/sdk/graal-sdk/21.0.0/graal-sdk-21.0.0.jar:/root/.m2/repository/org/wildfly/common/wildfly-common/1.5.4.Final-format-001/wildfly-common-1.5.4.Final-format-001.jar:/root/.m2/repository/io/quarkus/quarkus-bootstrap-runner/1.12.1.Final/quarkus-bootstrap-runner-1.12.1.Final.jar:/root/.m2/repository/com/thoughtworks/xstream/xstream/1.4.15/xstream-1.4.15.jar:/root/.m2/repository/xmlpull/xmlpull/1.1.3.1/xmlpull-1.1.3.1.jar:/root/.m2/repository/xpp3/xpp3_min/1.1.4c/xpp3_min-1.1.4c.jar:/root/.m2/repository/io/quarkus/quarkus-junit5-mockito/1.12.1.Final/quarkus-junit5-mockito-1.12.1.Final.jar:/root/.m2/repository/io/quarkus/quarkus-arc-deployment/1.12.1.Final/quarkus-arc-deployment-1.12.1.Final.jar:/root/.m2/repository/io/quarkus/quarkus-vertx-http-dev-console-spi/1.12.1.Final/quarkus-vertx-http-dev-console-spi-1.12.1.Final.jar:/root/.m2/repository/io/quarkus/arc/arc-processor/1.12.1.Final/arc-processor-1.12.1.Final.jar:/root/.m2/repository/org/mockito/mockito-core/3.7.7/mockito-core-3.7.7.jar:/root/.m2/repository/net/bytebuddy/byte-buddy/1.10.19/byte-buddy-1.10.19.jar:/root/.m2/repository/net/bytebuddy/byte-buddy-agent/1.10.19/byte-buddy-agent-1.10.19.jar:/root/.m2/repository/org/objenesis/objenesis/3.1/objenesis-3.1.jar:/root/.m2/repository/io/quarkus/quarkus-mutiny/1.12.1.Final/quarkus-mutiny-1.12.1.Final.jar:/root/.m2/repository/io/smallrye/reactive/mutiny/0.13.0/mutiny-0.13.0.jar:/root/.m2/repository/org/reactivestreams/reactive-streams/1.0.3/reactive-streams-1.0.3.jar:/root/.m2/repository/io/quarkus/quarkus-smallrye-context-propagation/1.12.1.Final/quarkus-smallrye-context-propagation-1.12.1.Final.jar:/root/.m2/repository/io/smallrye/smallrye-context-propagation/1.1.0/smallrye-context-propagation-1.1.0.jar:/root/.m2/repository/io/smallrye/smallrye-context-propagation-api/1.1.0/smallrye-context-propagation-api-1.1.0.jar:/root/.m2/repository/io/smallrye/smallrye-context-propagation-storage/1.1.0/smallrye-context-propagation-storage-1.1.0.jar:/root/.m2/repository/io/smallrye/reactive/mutiny-context-propagation/0.13.0/mutiny-context-propagation-0.13.0.jar:/root/.m2/repository/io/rest-assured/rest-assured/4.3.3/rest-assured-4.3.3.jar:/root/.m2/repository/org/codehaus/groovy/groovy/3.0.5/groovy-3.0.5.jar:/root/.m2/repository/org/codehaus/groovy/groovy-xml/3.0.7/groovy-xml-3.0.7.jar:/root/.m2/repository/org/apache/httpcomponents/httpclient/4.5.13/httpclient-4.5.13.jar:/root/.m2/repository/org/apache/httpcomponents/httpcore/4.4.14/httpcore-4.4.14.jar:/root/.m2/repository/commons-codec/commons-codec/1.14/commons-codec-1.14.jar:/root/.m2/repository/org/apache/httpcomponents/httpmime/4.5.13/httpmime-4.5.13.jar:/root/.m2/repository/org/hamcrest/hamcrest/2.1/hamcrest-2.1.jar:/root/.m2/repository/org/ccil/cowan/tagsoup/tagsoup/1.2.1/tagsoup-1.2.1.jar:/root/.m2/repository/io/rest-assured/json-path/4.3.3/json-path-4.3.3.jar:/root/.m2/repository/org/codehaus/groovy/groovy-json/3.0.5/groovy-json-3.0.5.jar:/root/.m2/repository/io/rest-assured/rest-assured-common/4.3.3/rest-assured-common-4.3.3.jar:/root/.m2/repository/io/rest-assured/xml-path/4.3.3/xml-path-4.3.3.jar:/root/.m2/repository/org/apache/commons/commons-lang3/3.11/commons-lang3-3.11.jar:/root/.m2/repository/jakarta/xml/bind/jakarta.xml.bind-api/2.3.3/jakarta.xml.bind-api-2.3.3.jar:/root/.m2/repository/jakarta/activation/jakarta.activation-api/1.2.1/jakarta.activation-api-1.2.1.jar:/root/.m2/repository/com/sun/xml/bind/jaxb-impl/2.3.3/jaxb-impl-2.3.3.jar:/root/.m2/repository/io/quarkus/quarkus-resteasy-jsonb/1.12.1.Final/quarkus-resteasy-jsonb-1.12.1.Final.jar:/root/.m2/repository/io/quarkus/quarkus-jsonb/1.12.1.Final/quarkus-jsonb-1.12.1.Final.jar:/root/.m2/repository/org/eclipse/yasson/1.0.8/yasson-1.0.8.jar:/root/.m2/repository/io/quarkus/quarkus-jsonp/1.12.1.Final/quarkus-jsonp-1.12.1.Final.jar:/root/.m2/repository/org/jboss/resteasy/resteasy-json-binding-provider/4.5.9.Final/resteasy-json-binding-provider-4.5.9.Final.jar:/root/.m2/repository/org/glassfish/jakarta.json/1.1.6/jakarta.json-1.1.6.jar:/root/.m2/repository/jakarta/json/bind/jakarta.json.bind-api/1.0.2/jakarta.json.bind-api-1.0.2.jar:/root/.m2/repository/org/jboss/resteasy/resteasy-json-p-provider/4.5.9.Final/resteasy-json-p-provider-4.5.9.Final.jar:/root/.m2/repository/commons-io/commons-io/2.8.0/commons-io-2.8.0.jar:/root/.m2/repository/io/quarkus/quarkus-smallrye-openapi/1.12.1.Final/quarkus-smallrye-openapi-1.12.1.Final.jar:/root/.m2/repository/io/smallrye/smallrye-open-api-core/2.0.22/smallrye-open-api-core-2.0.22.jar:/root/.m2/repository/org/eclipse/microprofile/openapi/microprofile-openapi-api/1.1.2/microprofile-openapi-api-1.1.2.jar:/root/.m2/repository/org/eclipse/microprofile/config/microprofile-config-api/1.4/microprofile-config-api-1.4.jar:/root/.m2/repository/com/fasterxml/jackson/core/jackson-core/2.12.1/jackson-core-2.12.1.jar:/root/.m2/repository/com/fasterxml/jackson/core/jackson-databind/2.12.1/jackson-databind-2.12.1.jar:/root/.m2/repository/com/fasterxml/jackson/core/jackson-annotations/2.12.1/jackson-annotations-2.12.1.jar:/root/.m2/repository/com/fasterxml/jackson/dataformat/jackson-dataformat-yaml/2.12.1/jackson-dataformat-yaml-2.12.1.jar:/root/.m2/repository/org/yaml/snakeyaml/1.27/snakeyaml-1.27.jar:/root/.m2/repository/io/quarkus/quarkus-arc/1.12.1.Final/quarkus-arc-1.12.1.Final.jar:/root/.m2/repository/io/quarkus/arc/arc/1.12.1.Final/arc-1.12.1.Final.jar:/root/.m2/repository/jakarta/transaction/jakarta.transaction-api/1.3.3/jakarta.transaction-api-1.3.3.jar:/root/.m2/repository/org/eclipse/microprofile/context-propagation/microprofile-context-propagation-api/1.0.1/microprofile-context-propagation-api-1.0.1.jar:/root/.m2/repository/io/quarkus/quarkus-swagger-ui/1.12.1.Final/quarkus-swagger-ui-1.12.1.Final.jar:"/>
    <property name="java.vm.vendor" value="Ubuntu"/>
    <property name="sun.arch.data.model" value="64"/>
    <property name="java.vendor.url" value="https://ubuntu.com/"/>
    <property name="os.name" value="Linux"/>
    <property name="java.vm.specification.version" value="17"/>
    <property name="sun.java.launcher" value="SUN_STANDARD"/>
    <property name="user.country" value="US"/>
    <property name="sun.boot.library.path" value="/usr/lib/jvm/java-17-openjdk-amd64/lib"/>
    <property name="sun.java.command" value="/var/www/DO400-pipelines-lab/target/surefire/surefirebooter15526666099116342788.jar /var/www/DO400-pipelines-lab/target/surefire 2025-03-24T11-22-41_276-jvmRun1 surefire11626401767105754884tmp surefire_014633714931225893234tmp"/>
    <property name="jdk.debug" value="release"/>
    <property name="maven.home" value="/root/.m2/wrapper/dists/apache-maven-3.6.3-bin/1iopthnavndlasol9gbrbg6bf2/apache-maven-3.6.3"/>
    <property name="surefire.test.class.path" value="/var/www/DO400-pipelines-lab/target/test-classes:/var/www/DO400-pipelines-lab/target/classes:/root/.m2/repository/io/quarkus/quarkus-resteasy/1.12.1.Final/quarkus-resteasy-1.12.1.Final.jar:/root/.m2/repository/io/quarkus/quarkus-vertx-http/1.12.1.Final/quarkus-vertx-http-1.12.1.Final.jar:/root/.m2/repository/io/quarkus/quarkus-security-runtime-spi/1.12.1.Final/quarkus-security-runtime-spi-1.12.1.Final.jar:/root/.m2/repository/io/quarkus/quarkus-vertx-http-dev-console-runtime-spi/1.12.1.Final/quarkus-vertx-http-dev-console-runtime-spi-1.12.1.Final.jar:/root/.m2/repository/io/quarkus/security/quarkus-security/1.1.3.Final/quarkus-security-1.1.3.Final.jar:/root/.m2/repository/io/quarkus/quarkus-vertx-core/1.12.1.Final/quarkus-vertx-core-1.12.1.Final.jar:/root/.m2/repository/io/quarkus/quarkus-netty/1.12.1.Final/quarkus-netty-1.12.1.Final.jar:/root/.m2/repository/io/netty/netty-codec/4.1.49.Final/netty-codec-4.1.49.Final.jar:/root/.m2/repository/io/netty/netty-handler/4.1.49.Final/netty-handler-4.1.49.Final.jar:/root/.m2/repository/io/vertx/vertx-core/3.9.5/vertx-core-3.9.5.jar:/root/.m2/repository/io/netty/netty-common/4.1.49.Final/netty-common-4.1.49.Final.jar:/root/.m2/repository/io/netty/netty-buffer/4.1.49.Final/netty-buffer-4.1.49.Final.jar:/root/.m2/repository/io/netty/netty-transport/4.1.49.Final/netty-transport-4.1.49.Final.jar:/root/.m2/repository/io/netty/netty-handler-proxy/4.1.49.Final/netty-handler-proxy-4.1.49.Final.jar:/root/.m2/repository/io/netty/netty-codec-socks/4.1.49.Final/netty-codec-socks-4.1.49.Final.jar:/root/.m2/repository/io/netty/netty-codec-http/4.1.49.Final/netty-codec-http-4.1.49.Final.jar:/root/.m2/repository/io/netty/netty-codec-http2/4.1.49.Final/netty-codec-http2-4.1.49.Final.jar:/root/.m2/repository/io/netty/netty-resolver/4.1.49.Final/netty-resolver-4.1.49.Final.jar:/root/.m2/repository/io/netty/netty-resolver-dns/4.1.49.Final/netty-resolver-dns-4.1.49.Final.jar:/root/.m2/repository/io/netty/netty-codec-dns/4.1.49.Final/netty-codec-dns-4.1.49.Final.jar:/root/.m2/repository/io/vertx/vertx-web/3.9.5/vertx-web-3.9.5.jar:/root/.m2/repository/io/vertx/vertx-web-common/3.9.5/vertx-web-common-3.9.5.jar:/root/.m2/repository/io/vertx/vertx-auth-common/3.9.5/vertx-auth-common-3.9.5.jar:/root/.m2/repository/io/vertx/vertx-bridge-common/3.9.5/vertx-bridge-common-3.9.5.jar:/root/.m2/repository/io/quarkus/quarkus-resteasy-server-common/1.12.1.Final/quarkus-resteasy-server-common-1.12.1.Final.jar:/root/.m2/repository/io/quarkus/quarkus-resteasy-common/1.12.1.Final/quarkus-resteasy-common-1.12.1.Final.jar:/root/.m2/repository/org/jboss/resteasy/resteasy-core/4.5.9.Final/resteasy-core-4.5.9.Final.jar:/root/.m2/repository/org/jboss/spec/javax/ws/rs/jboss-jaxrs-api_2.1_spec/2.0.1.Final/jboss-jaxrs-api_2.1_spec-2.0.1.Final.jar:/root/.m2/repository/org/jboss/spec/javax/xml/bind/jboss-jaxb-api_2.3_spec/2.0.0.Final/jboss-jaxb-api_2.3_spec-2.0.0.Final.jar:/root/.m2/repository/org/jboss/resteasy/resteasy-core-spi/4.5.9.Final/resteasy-core-spi-4.5.9.Final.jar:/root/.m2/repository/com/ibm/async/asyncutil/0.1.0/asyncutil-0.1.0.jar:/root/.m2/repository/com/sun/activation/jakarta.activation/1.2.1/jakarta.activation-1.2.1.jar:/root/.m2/repository/jakarta/validation/jakarta.validation-api/2.0.2/jakarta.validation-api-2.0.2.jar:/root/.m2/repository/io/quarkus/quarkus-junit5/1.12.1.Final/quarkus-junit5-1.12.1.Final.jar:/root/.m2/repository/io/quarkus/quarkus-bootstrap-core/1.12.1.Final/quarkus-bootstrap-core-1.12.1.Final.jar:/root/.m2/repository/io/quarkus/quarkus-bootstrap-app-model/1.12.1.Final/quarkus-bootstrap-app-model-1.12.1.Final.jar:/root/.m2/repository/io/quarkus/quarkus-bootstrap-maven-resolver/1.12.1.Final/quarkus-bootstrap-maven-resolver-1.12.1.Final.jar:/root/.m2/repository/org/apache/maven/maven-embedder/3.6.3/maven-embedder-3.6.3.jar:/root/.m2/repository/org/apache/maven/maven-settings/3.6.3/maven-settings-3.6.3.jar:/root/.m2/repository/org/apache/maven/maven-core/3.6.3/maven-core-3.6.3.jar:/root/.m2/repository/org/apache/maven/maven-artifact/3.6.3/maven-artifact-3.6.3.jar:/root/.m2/repository/org/codehaus/plexus/plexus-component-annotations/2.1.0/plexus-component-annotations-2.1.0.jar:/root/.m2/repository/org/apache/maven/maven-plugin-api/3.6.3/maven-plugin-api-3.6.3.jar:/root/.m2/repository/org/apache/maven/maven-model/3.6.3/maven-model-3.6.3.jar:/root/.m2/repository/org/apache/maven/maven-model-builder/3.6.3/maven-model-builder-3.6.3.jar:/root/.m2/repository/org/apache/maven/maven-builder-support/3.6.3/maven-builder-support-3.6.3.jar:/root/.m2/repository/org/apache/maven/resolver/maven-resolver-api/1.4.1/maven-resolver-api-1.4.1.jar:/root/.m2/repository/org/apache/maven/resolver/maven-resolver-util/1.4.1/maven-resolver-util-1.4.1.jar:/root/.m2/repository/org/apache/maven/shared/maven-shared-utils/3.2.1/maven-shared-utils-3.2.1.jar:/root/.m2/repository/com/google/inject/guice/4.2.1/guice-4.2.1-no_aop.jar:/root/.m2/repository/com/google/guava/guava/30.1-jre/guava-30.1-jre.jar:/root/.m2/repository/com/google/guava/failureaccess/1.0.1/failureaccess-1.0.1.jar:/root/.m2/repository/com/google/guava/listenablefuture/9999.0-empty-to-avoid-conflict-with-guava/listenablefuture-9999.0-empty-to-avoid-conflict-with-guava.jar:/root/.m2/repository/org/codehaus/plexus/plexus-utils/3.2.1/plexus-utils-3.2.1.jar:/root/.m2/repository/org/codehaus/plexus/plexus-classworlds/2.6.0/plexus-classworlds-2.6.0.jar:/root/.m2/repository/commons-cli/commons-cli/1.4/commons-cli-1.4.jar:/root/.m2/repository/org/eclipse/sisu/org.eclipse.sisu.plexus/0.3.4/org.eclipse.sisu.plexus-0.3.4.jar:/root/.m2/repository/org/apache/maven/maven-settings-builder/3.6.3/maven-settings-builder-3.6.3.jar:/root/.m2/repository/org/codehaus/plexus/plexus-interpolation/1.25/plexus-interpolation-1.25.jar:/root/.m2/repository/org/sonatype/plexus/plexus-sec-dispatcher/1.4/plexus-sec-dispatcher-1.4.jar:/root/.m2/repository/org/sonatype/plexus/plexus-cipher/1.4/plexus-cipher-1.4.jar:/root/.m2/repository/org/apache/maven/maven-resolver-provider/3.6.3/maven-resolver-provider-3.6.3.jar:/root/.m2/repository/org/apache/maven/maven-repository-metadata/3.6.3/maven-repository-metadata-3.6.3.jar:/root/.m2/repository/org/apache/maven/resolver/maven-resolver-spi/1.4.1/maven-resolver-spi-1.4.1.jar:/root/.m2/repository/org/apache/maven/resolver/maven-resolver-impl/1.4.1/maven-resolver-impl-1.4.1.jar:/root/.m2/repository/org/apache/maven/resolver/maven-resolver-connector-basic/1.4.1/maven-resolver-connector-basic-1.4.1.jar:/root/.m2/repository/org/apache/maven/resolver/maven-resolver-transport-wagon/1.4.1/maven-resolver-transport-wagon-1.4.1.jar:/root/.m2/repository/org/apache/maven/wagon/wagon-http/3.3.4/wagon-http-3.3.4.jar:/root/.m2/repository/org/apache/maven/wagon/wagon-http-shared/3.3.4/wagon-http-shared-3.3.4.jar:/root/.m2/repository/org/jsoup/jsoup/1.12.1/jsoup-1.12.1.jar:/root/.m2/repository/org/apache/maven/wagon/wagon-provider-api/3.3.4/wagon-provider-api-3.3.4.jar:/root/.m2/repository/org/apache/maven/wagon/wagon-file/3.3.4/wagon-file-3.3.4.jar:/root/.m2/repository/io/quarkus/quarkus-bootstrap-gradle-resolver/1.12.1.Final/quarkus-bootstrap-gradle-resolver-1.12.1.Final.jar:/root/.m2/repository/io/smallrye/common/smallrye-common-io/1.5.0/smallrye-common-io-1.5.0.jar:/root/.m2/repository/org/eclipse/sisu/org.eclipse.sisu.inject/0.3.4/org.eclipse.sisu.inject-0.3.4.jar:/root/.m2/repository/io/quarkus/quarkus-test-common/1.12.1.Final/quarkus-test-common-1.12.1.Final.jar:/root/.m2/repository/io/quarkus/quarkus-core-deployment/1.12.1.Final/quarkus-core-deployment-1.12.1.Final.jar:/root/.m2/repository/io/quarkus/gizmo/gizmo/1.0.6.Final/gizmo-1.0.6.Final.jar:/root/.m2/repository/org/ow2/asm/asm-util/9.0/asm-util-9.0.jar:/root/.m2/repository/org/ow2/asm/asm-tree/9.0/asm-tree-9.0.jar:/root/.m2/repository/org/ow2/asm/asm-analysis/9.0/asm-analysis-9.0.jar:/root/.m2/repository/org/ow2/asm/asm/9.0/asm-9.0.jar:/root/.m2/repository/io/quarkus/quarkus-class-change-agent/1.12.1.Final/quarkus-class-change-agent-1.12.1.Final.jar:/root/.m2/repository/io/quarkus/quarkus-devtools-utilities/1.12.1.Final/quarkus-devtools-utilities-1.12.1.Final.jar:/root/.m2/repository/io/quarkus/quarkus-builder/1.12.1.Final/quarkus-builder-1.12.1.Final.jar:/root/.m2/repository/io/quarkus/quarkus-jsonp-deployment/1.12.1.Final/quarkus-jsonp-deployment-1.12.1.Final.jar:/root/.m2/repository/org/jboss/jandex/2.2.3.Final/jandex-2.2.3.Final.jar:/root/.m2/repository/org/jboss/logging/commons-logging-jboss-logging/1.0.0.Final/commons-logging-jboss-logging-1.0.0.Final.jar:/root/.m2/repository/org/junit/jupiter/junit-jupiter/5.7.1/junit-jupiter-5.7.1.jar:/root/.m2/repository/org/junit/jupiter/junit-jupiter-api/5.7.1/junit-jupiter-api-5.7.1.jar:/root/.m2/repository/org/apiguardian/apiguardian-api/1.1.0/apiguardian-api-1.1.0.jar:/root/.m2/repository/org/opentest4j/opentest4j/1.2.0/opentest4j-1.2.0.jar:/root/.m2/repository/org/junit/platform/junit-platform-commons/1.7.1/junit-platform-commons-1.7.1.jar:/root/.m2/repository/org/junit/jupiter/junit-jupiter-params/5.7.1/junit-jupiter-params-5.7.1.jar:/root/.m2/repository/org/junit/jupiter/junit-jupiter-engine/5.7.1/junit-jupiter-engine-5.7.1.jar:/root/.m2/repository/org/junit/platform/junit-platform-engine/1.7.1/junit-platform-engine-1.7.1.jar:/root/.m2/repository/io/quarkus/quarkus-core/1.12.1.Final/quarkus-core-1.12.1.Final.jar:/root/.m2/repository/jakarta/annotation/jakarta.annotation-api/1.3.5/jakarta.annotation-api-1.3.5.jar:/root/.m2/repository/jakarta/enterprise/jakarta.enterprise.cdi-api/2.0.2/jakarta.enterprise.cdi-api-2.0.2.jar:/root/.m2/repository/jakarta/el/jakarta.el-api/3.0.3/jakarta.el-api-3.0.3.jar:/root/.m2/repository/jakarta/interceptor/jakarta.interceptor-api/1.2.5/jakarta.interceptor-api-1.2.5.jar:/root/.m2/repository/jakarta/inject/jakarta.inject-api/1.0/jakarta.inject-api-1.0.jar:/root/.m2/repository/io/quarkus/quarkus-ide-launcher/1.12.1.Final/quarkus-ide-launcher-1.12.1.Final.jar:/root/.m2/repository/io/quarkus/quarkus-development-mode-spi/1.12.1.Final/quarkus-development-mode-spi-1.12.1.Final.jar:/root/.m2/repository/io/smallrye/config/smallrye-config/1.10.2/smallrye-config-1.10.2.jar:/root/.m2/repository/io/smallrye/common/smallrye-common-annotation/1.5.0/smallrye-common-annotation-1.5.0.jar:/root/.m2/repository/io/smallrye/config/smallrye-config-common/1.10.2/smallrye-config-common-1.10.2.jar:/root/.m2/repository/io/smallrye/common/smallrye-common-expression/1.5.0/smallrye-common-expression-1.5.0.jar:/root/.m2/repository/io/smallrye/common/smallrye-common-function/1.5.0/smallrye-common-function-1.5.0.jar:/root/.m2/repository/io/smallrye/common/smallrye-common-constraint/1.5.0/smallrye-common-constraint-1.5.0.jar:/root/.m2/repository/io/smallrye/common/smallrye-common-classloader/1.5.0/smallrye-common-classloader-1.5.0.jar:/root/.m2/repository/org/jboss/logging/jboss-logging/3.4.1.Final/jboss-logging-3.4.1.Final.jar:/root/.m2/repository/org/jboss/logmanager/jboss-logmanager-embedded/1.0.6/jboss-logmanager-embedded-1.0.6.jar:/root/.m2/repository/org/jboss/logging/jboss-logging-annotations/2.2.0.Final/jboss-logging-annotations-2.2.0.Final.jar:/root/.m2/repository/org/jboss/threads/jboss-threads/3.2.0.Final/jboss-threads-3.2.0.Final.jar:/root/.m2/repository/org/slf4j/slf4j-api/1.7.30/slf4j-api-1.7.30.jar:/root/.m2/repository/org/jboss/slf4j/slf4j-jboss-logmanager/1.1.0.Final/slf4j-jboss-logmanager-1.1.0.Final.jar:/root/.m2/repository/org/graalvm/sdk/graal-sdk/21.0.0/graal-sdk-21.0.0.jar:/root/.m2/repository/org/wildfly/common/wildfly-common/1.5.4.Final-format-001/wildfly-common-1.5.4.Final-format-001.jar:/root/.m2/repository/io/quarkus/quarkus-bootstrap-runner/1.12.1.Final/quarkus-bootstrap-runner-1.12.1.Final.jar:/root/.m2/repository/com/thoughtworks/xstream/xstream/1.4.15/xstream-1.4.15.jar:/root/.m2/repository/xmlpull/xmlpull/1.1.3.1/xmlpull-1.1.3.1.jar:/root/.m2/repository/xpp3/xpp3_min/1.1.4c/xpp3_min-1.1.4c.jar:/root/.m2/repository/io/quarkus/quarkus-junit5-mockito/1.12.1.Final/quarkus-junit5-mockito-1.12.1.Final.jar:/root/.m2/repository/io/quarkus/quarkus-arc-deployment/1.12.1.Final/quarkus-arc-deployment-1.12.1.Final.jar:/root/.m2/repository/io/quarkus/quarkus-vertx-http-dev-console-spi/1.12.1.Final/quarkus-vertx-http-dev-console-spi-1.12.1.Final.jar:/root/.m2/repository/io/quarkus/arc/arc-processor/1.12.1.Final/arc-processor-1.12.1.Final.jar:/root/.m2/repository/org/mockito/mockito-core/3.7.7/mockito-core-3.7.7.jar:/root/.m2/repository/net/bytebuddy/byte-buddy/1.10.19/byte-buddy-1.10.19.jar:/root/.m2/repository/net/bytebuddy/byte-buddy-agent/1.10.19/byte-buddy-agent-1.10.19.jar:/root/.m2/repository/org/objenesis/objenesis/3.1/objenesis-3.1.jar:/root/.m2/repository/io/quarkus/quarkus-mutiny/1.12.1.Final/quarkus-mutiny-1.12.1.Final.jar:/root/.m2/repository/io/smallrye/reactive/mutiny/0.13.0/mutiny-0.13.0.jar:/root/.m2/repository/org/reactivestreams/reactive-streams/1.0.3/reactive-streams-1.0.3.jar:/root/.m2/repository/io/quarkus/quarkus-smallrye-context-propagation/1.12.1.Final/quarkus-smallrye-context-propagation-1.12.1.Final.jar:/root/.m2/repository/io/smallrye/smallrye-context-propagation/1.1.0/smallrye-context-propagation-1.1.0.jar:/root/.m2/repository/io/smallrye/smallrye-context-propagation-api/1.1.0/smallrye-context-propagation-api-1.1.0.jar:/root/.m2/repository/io/smallrye/smallrye-context-propagation-storage/1.1.0/smallrye-context-propagation-storage-1.1.0.jar:/root/.m2/repository/io/smallrye/reactive/mutiny-context-propagation/0.13.0/mutiny-context-propagation-0.13.0.jar:/root/.m2/repository/io/rest-assured/rest-assured/4.3.3/rest-assured-4.3.3.jar:/root/.m2/repository/org/codehaus/groovy/groovy/3.0.5/groovy-3.0.5.jar:/root/.m2/repository/org/codehaus/groovy/groovy-xml/3.0.7/groovy-xml-3.0.7.jar:/root/.m2/repository/org/apache/httpcomponents/httpclient/4.5.13/httpclient-4.5.13.jar:/root/.m2/repository/org/apache/httpcomponents/httpcore/4.4.14/httpcore-4.4.14.jar:/root/.m2/repository/commons-codec/commons-codec/1.14/commons-codec-1.14.jar:/root/.m2/repository/org/apache/httpcomponents/httpmime/4.5.13/httpmime-4.5.13.jar:/root/.m2/repository/org/hamcrest/hamcrest/2.1/hamcrest-2.1.jar:/root/.m2/repository/org/ccil/cowan/tagsoup/tagsoup/1.2.1/tagsoup-1.2.1.jar:/root/.m2/repository/io/rest-assured/json-path/4.3.3/json-path-4.3.3.jar:/root/.m2/repository/org/codehaus/groovy/groovy-json/3.0.5/groovy-json-3.0.5.jar:/root/.m2/repository/io/rest-assured/rest-assured-common/4.3.3/rest-assured-common-4.3.3.jar:/root/.m2/repository/io/rest-assured/xml-path/4.3.3/xml-path-4.3.3.jar:/root/.m2/repository/org/apache/commons/commons-lang3/3.11/commons-lang3-3.11.jar:/root/.m2/repository/jakarta/xml/bind/jakarta.xml.bind-api/2.3.3/jakarta.xml.bind-api-2.3.3.jar:/root/.m2/repository/jakarta/activation/jakarta.activation-api/1.2.1/jakarta.activation-api-1.2.1.jar:/root/.m2/repository/com/sun/xml/bind/jaxb-impl/2.3.3/jaxb-impl-2.3.3.jar:/root/.m2/repository/io/quarkus/quarkus-resteasy-jsonb/1.12.1.Final/quarkus-resteasy-jsonb-1.12.1.Final.jar:/root/.m2/repository/io/quarkus/quarkus-jsonb/1.12.1.Final/quarkus-jsonb-1.12.1.Final.jar:/root/.m2/repository/org/eclipse/yasson/1.0.8/yasson-1.0.8.jar:/root/.m2/repository/io/quarkus/quarkus-jsonp/1.12.1.Final/quarkus-jsonp-1.12.1.Final.jar:/root/.m2/repository/org/jboss/resteasy/resteasy-json-binding-provider/4.5.9.Final/resteasy-json-binding-provider-4.5.9.Final.jar:/root/.m2/repository/org/glassfish/jakarta.json/1.1.6/jakarta.json-1.1.6.jar:/root/.m2/repository/jakarta/json/bind/jakarta.json.bind-api/1.0.2/jakarta.json.bind-api-1.0.2.jar:/root/.m2/repository/org/jboss/resteasy/resteasy-json-p-provider/4.5.9.Final/resteasy-json-p-provider-4.5.9.Final.jar:/root/.m2/repository/commons-io/commons-io/2.8.0/commons-io-2.8.0.jar:/root/.m2/repository/io/quarkus/quarkus-smallrye-openapi/1.12.1.Final/quarkus-smallrye-openapi-1.12.1.Final.jar:/root/.m2/repository/io/smallrye/smallrye-open-api-core/2.0.22/smallrye-open-api-core-2.0.22.jar:/root/.m2/repository/org/eclipse/microprofile/openapi/microprofile-openapi-api/1.1.2/microprofile-openapi-api-1.1.2.jar:/root/.m2/repository/org/eclipse/microprofile/config/microprofile-config-api/1.4/microprofile-config-api-1.4.jar:/root/.m2/repository/com/fasterxml/jackson/core/jackson-core/2.12.1/jackson-core-2.12.1.jar:/root/.m2/repository/com/fasterxml/jackson/core/jackson-databind/2.12.1/jackson-databind-2.12.1.jar:/root/.m2/repository/com/fasterxml/jackson/core/jackson-annotations/2.12.1/jackson-annotations-2.12.1.jar:/root/.m2/repository/com/fasterxml/jackson/dataformat/jackson-dataformat-yaml/2.12.1/jackson-dataformat-yaml-2.12.1.jar:/root/.m2/repository/org/yaml/snakeyaml/1.27/snakeyaml-1.27.jar:/root/.m2/repository/io/quarkus/quarkus-arc/1.12.1.Final/quarkus-arc-1.12.1.Final.jar:/root/.m2/repository/io/quarkus/arc/arc/1.12.1.Final/arc-1.12.1.Final.jar:/root/.m2/repository/jakarta/transaction/jakarta.transaction-api/1.3.3/jakarta.transaction-api-1.3.3.jar:/root/.m2/repository/org/eclipse/microprofile/context-propagation/microprofile-context-propagation-api/1.0.1/microprofile-context-propagation-api-1.0.1.jar:/root/.m2/repository/io/quarkus/quarkus-swagger-ui/1.12.1.Final/quarkus-swagger-ui-1.12.1.Final.jar:"/>
    <property name="sun.cpu.endian" value="little"/>
    <property name="user.home" value="/root"/>
    <property name="user.language" value="en"/>
    <property name="java.specification.vendor" value="Oracle Corporation"/>
    <property name="java.version.date" value="2024-07-16"/>
    <property name="java.home" value="/usr/lib/jvm/java-17-openjdk-amd64"/>
    <property name="file.separator" value="/"/>
    <property name="basedir" value="/var/www/DO400-pipelines-lab"/>
    <property name="java.vm.compressedOopsMode" value="32-bit"/>
    <property name="line.separator" value="&#10;"/>
    <property name="java.vm.specification.vendor" value="Oracle Corporation"/>
    <property name="java.specification.name" value="Java Platform API Specification"/>
    <property name="surefire.real.class.path" value="/var/www/DO400-pipelines-lab/target/surefire/surefirebooter15526666099116342788.jar"/>
    <property name="sun.management.compiler" value="HotSpot 64-Bit Tiered Compilers"/>
    <property name="java.runtime.version" value="17.0.12+7-Ubuntu-1ubuntu222.04"/>
    <property name="user.name" value="root"/>
    <property name="path.separator" value=":"/>
    <property name="os.version" value="5.15.0-119-generic"/>
    <property name="java.runtime.name" value="OpenJDK Runtime Environment"/>
    <property name="file.encoding" value="UTF-8"/>
    <property name="java.vm.name" value="OpenJDK 64-Bit Server VM"/>
    <property name="localRepository" value="/root/.m2/repository"/>
    <property name="java.vendor.url.bug" value="https://bugs.launchpad.net/ubuntu/+source/openjdk-17"/>
    <property name="java.io.tmpdir" value="/tmp"/>
    <property name="java.version" value="17.0.12"/>
    <property name="testGroups" value="unit"/>
    <property name="user.dir" value="/var/www/DO400-pipelines-lab"/>
    <property name="os.arch" value="amd64"/>
    <property name="java.vm.specification.name" value="Java Virtual Machine Specification"/>
    <property name="native.encoding" value="UTF-8"/>
    <property name="java.util.logging.manager" value="org.jboss.logmanager.LogManager"/>
    <property name="java.library.path" value="/usr/java/packages/lib:/usr/lib/x86_64-linux-gnu/jni:/lib/x86_64-linux-gnu:/usr/lib/x86_64-linux-gnu:/usr/lib/jni:/lib:/usr/lib"/>
    <property name="java.vm.info" value="mixed mode, sharing"/>
    <property name="java.vendor" value="Ubuntu"/>
    <property name="java.vm.version" value="17.0.12+7-Ubuntu-1ubuntu222.04"/>
    <property name="sun.io.unicode.encoding" value="UnicodeLittle"/>
    <property name="java.class.version" value="61.0"/>
  </properties>
  <testcase name="getAllReturnsCollectionWithProducts" classname="com.redhat.shopping.unit.catalog.CatalogServiceTest" time="0.017"/>
  <testcase name="givenNoItemsInCatalogThenGetAllReturnsEmptyCollection" classname="com.redhat.shopping.unit.catalog.CatalogServiceTest" time="0.001"/>
  <testcase name="givenProductExistsThenOfIdReturnsProduct" classname="com.redhat.shopping.unit.catalog.CatalogServiceTest" time="0.002"/>
  <testcase name="givenProductDoesNotExistsWhenOfIdIsCalledThenProductNotFoundInCatalogExceptionIsThrown" classname="com.redhat.shopping.unit.catalog.CatalogServiceTest" time="0.002"/>
</testsuite>